2022-11-28 11:58:06,409 INFO com.arttek.MotivationCalculator.MotivationCalculatorApplication [main] Starting MotivationCalculatorApplication using Java 17.0.5 on DESKTOP-AM94Q68 with PID 28268 (C:\JavaLearn\Test tasks for recruting\Arttek\MotivationCalculator\target\classes started by Dacen in C:\JavaLearn\Test tasks for recruting\Arttek\MotivationCalculator)
2022-11-28 11:58:06,411 INFO com.arttek.MotivationCalculator.MotivationCalculatorApplication [main] No active profile set, falling back to 1 default profile: "default"
2022-11-28 11:58:07,502 INFO org.springframework.boot.web.embedded.tomcat.TomcatWebServer [main] Tomcat initialized with port(s): 8080 (http)
2022-11-28 11:58:07,513 INFO org.apache.catalina.core.StandardService [main] Starting service [Tomcat]
2022-11-28 11:58:07,514 INFO org.apache.catalina.core.StandardEngine [main] Starting Servlet engine: [Apache Tomcat/9.0.68]
2022-11-28 11:58:07,615 INFO org.apache.catalina.core.ContainerBase.[Tomcat].[localhost].[/] [main] Initializing Spring embedded WebApplicationContext
2022-11-28 11:58:07,616 INFO org.springframework.boot.web.servlet.context.ServletWebServerApplicationContext [main] Root WebApplicationContext: initialization completed in 1163 ms
2022-11-28 11:58:08,057 INFO org.springframework.boot.web.embedded.tomcat.TomcatWebServer [main] Tomcat started on port(s): 8080 (http) with context path ''
2022-11-28 11:58:08,066 INFO com.arttek.MotivationCalculator.MotivationCalculatorApplication [main] Started MotivationCalculatorApplication in 2.067 seconds (JVM running for 2.475)
2022-11-28 11:58:21,191 INFO org.apache.catalina.core.ContainerBase.[Tomcat].[localhost].[/] [http-nio-8080-exec-1] Initializing Spring DispatcherServlet 'dispatcherServlet'
2022-11-28 11:58:21,191 INFO org.springframework.web.servlet.DispatcherServlet [http-nio-8080-exec-1] Initializing Servlet 'dispatcherServlet'
2022-11-28 11:58:21,192 INFO org.springframework.web.servlet.DispatcherServlet [http-nio-8080-exec-1] Completed initialization in 1 ms
2022-11-28 12:06:56,256 INFO com.arttek.MotivationCalculator.MotivationCalculatorApplication [main] Starting MotivationCalculatorApplication using Java 17.0.5 on DESKTOP-AM94Q68 with PID 12420 (C:\JavaLearn\Test tasks for recruting\Arttek\MotivationCalculator\target\classes started by Dacen in C:\JavaLearn\Test tasks for recruting\Arttek\MotivationCalculator)
2022-11-28 12:06:56,258 INFO com.arttek.MotivationCalculator.MotivationCalculatorApplication [main] No active profile set, falling back to 1 default profile: "default"
2022-11-28 12:06:57,289 INFO org.springframework.boot.web.embedded.tomcat.TomcatWebServer [main] Tomcat initialized with port(s): 8080 (http)
2022-11-28 12:06:57,301 INFO org.apache.catalina.core.StandardService [main] Starting service [Tomcat]
2022-11-28 12:06:57,302 INFO org.apache.catalina.core.StandardEngine [main] Starting Servlet engine: [Apache Tomcat/9.0.68]
2022-11-28 12:06:57,394 INFO org.apache.catalina.core.ContainerBase.[Tomcat].[localhost].[/] [main] Initializing Spring embedded WebApplicationContext
2022-11-28 12:06:57,394 INFO org.springframework.boot.web.servlet.context.ServletWebServerApplicationContext [main] Root WebApplicationContext: initialization completed in 1091 ms
2022-11-28 12:06:57,811 INFO org.springframework.boot.web.embedded.tomcat.TomcatWebServer [main] Tomcat started on port(s): 8080 (http) with context path ''
2022-11-28 12:06:57,820 INFO com.arttek.MotivationCalculator.MotivationCalculatorApplication [main] Started MotivationCalculatorApplication in 1.953 seconds (JVM running for 2.31)
2022-11-28 12:07:00,166 INFO org.apache.catalina.core.ContainerBase.[Tomcat].[localhost].[/] [http-nio-8080-exec-1] Initializing Spring DispatcherServlet 'dispatcherServlet'
2022-11-28 12:07:00,167 INFO org.springframework.web.servlet.DispatcherServlet [http-nio-8080-exec-1] Initializing Servlet 'dispatcherServlet'
2022-11-28 12:07:00,167 INFO org.springframework.web.servlet.DispatcherServlet [http-nio-8080-exec-1] Completed initialization in 0 ms
2022-11-28 12:07:14,953 WARN com.arttek.MotivationCalculator.controllers.MotivationCalculatorController [http-nio-8080-exec-2] org.springframework.validation.BeanPropertyBindingResult: 2 errors
Field error in object 'motivationCalculatorDto' on field 'revenue': rejected value [6007413,0]; codes [Digits.motivationCalculatorDto.revenue,Digits.revenue,Digits.java.lang.String,Digits]; arguments [org.springframework.context.support.DefaultMessageSourceResolvable: codes [motivationCalculatorDto.revenue,revenue]; arguments []; default message [revenue],4,12]; default message [Введите только числовое значение, до 12 знаков в целой части, до 4 после точки]
Field error in object 'motivationCalculatorDto' on field 'revenue': rejected value [6007413,0]; codes [Min.motivationCalculatorDto.revenue,Min.revenue,Min.java.lang.String,Min]; arguments [org.springframework.context.support.DefaultMessageSourceResolvable: codes [motivationCalculatorDto.revenue,revenue]; arguments []; default message [revenue],0]; default message [Значение не может быть отрицательным]
2022-11-28 12:25:15,163 INFO com.arttek.MotivationCalculator.MotivationCalculatorApplication [main] Starting MotivationCalculatorApplication using Java 17.0.5 on DESKTOP-AM94Q68 with PID 7348 (C:\JavaLearn\Test tasks for recruting\Arttek\MotivationCalculator\target\classes started by Dacen in C:\JavaLearn\Test tasks for recruting\Arttek\MotivationCalculator)
2022-11-28 12:25:15,167 INFO com.arttek.MotivationCalculator.MotivationCalculatorApplication [main] No active profile set, falling back to 1 default profile: "default"
2022-11-28 12:25:16,143 INFO org.springframework.boot.web.embedded.tomcat.TomcatWebServer [main] Tomcat initialized with port(s): 8080 (http)
2022-11-28 12:25:16,154 INFO org.apache.catalina.core.StandardService [main] Starting service [Tomcat]
2022-11-28 12:25:16,154 INFO org.apache.catalina.core.StandardEngine [main] Starting Servlet engine: [Apache Tomcat/9.0.68]
2022-11-28 12:25:16,250 INFO org.apache.catalina.core.ContainerBase.[Tomcat].[localhost].[/] [main] Initializing Spring embedded WebApplicationContext
2022-11-28 12:25:16,250 INFO org.springframework.boot.web.servlet.context.ServletWebServerApplicationContext [main] Root WebApplicationContext: initialization completed in 1041 ms
2022-11-28 12:25:16,718 INFO org.springframework.boot.web.embedded.tomcat.TomcatWebServer [main] Tomcat started on port(s): 8080 (http) with context path ''
2022-11-28 12:25:16,728 INFO com.arttek.MotivationCalculator.MotivationCalculatorApplication [main] Started MotivationCalculatorApplication in 1.963 seconds (JVM running for 2.322)
2022-11-28 12:25:16,777 INFO org.apache.catalina.core.ContainerBase.[Tomcat].[localhost].[/] [http-nio-8080-exec-1] Initializing Spring DispatcherServlet 'dispatcherServlet'
2022-11-28 12:25:16,777 INFO org.springframework.web.servlet.DispatcherServlet [http-nio-8080-exec-1] Initializing Servlet 'dispatcherServlet'
2022-11-28 12:25:16,778 INFO org.springframework.web.servlet.DispatcherServlet [http-nio-8080-exec-1] Completed initialization in 1 ms
2022-11-28 12:25:16,880 WARN com.arttek.MotivationCalculator.controllers.MotivationCalculatorController [http-nio-8080-exec-1] org.springframework.validation.BeanPropertyBindingResult: 1 errors
Field error in object 'motivationCalculatorDto' on field 'revenue': rejected value [6.0074132E9]; codes [Pattern.motivationCalculatorDto.revenue,Pattern.revenue,Pattern.java.lang.String,Pattern]; arguments [org.springframework.context.support.DefaultMessageSourceResolvable: codes [motivationCalculatorDto.revenue,revenue]; arguments []; default message [revenue],[Ljavax.validation.constraints.Pattern$Flag;@69365913,\d{1,12}([\.,]\d{1,4})?]; default message [Введите только числовое значение, до 12 знаков в целой части, до 4 после точки]
2022-11-28 12:25:32,236 ERROR org.apache.catalina.core.ContainerBase.[Tomcat].[localhost].[/].[dispatcherServlet] [http-nio-8080-exec-3] Servlet.service() for servlet [dispatcherServlet] in context with path [] threw exception [Request processing failed; nested exception is org.modelmapper.MappingException: ModelMapper mapping errors:

1) Converter org.modelmapper.internal.converter.NumberConverter@3e1dfc49 failed to convert java.lang.String to float.

1 error] with root cause
java.lang.NumberFormatException: For input string: "132145,12"
	at java.base/jdk.internal.math.FloatingDecimal.readJavaFormatString(FloatingDecimal.java:2054)
	at java.base/jdk.internal.math.FloatingDecimal.parseFloat(FloatingDecimal.java:122)
	at java.base/java.lang.Float.parseFloat(Float.java:476)
	at java.base/java.lang.Float.valueOf(Float.java:440)
	at org.modelmapper.internal.converter.NumberConverter.numberFor(NumberConverter.java:173)
	at org.modelmapper.internal.converter.NumberConverter.convert(NumberConverter.java:75)
	at org.modelmapper.internal.converter.NumberConverter.convert(NumberConverter.java:57)
	at org.modelmapper.internal.MappingEngineImpl.convert(MappingEngineImpl.java:306)
	at org.modelmapper.internal.MappingEngineImpl.map(MappingEngineImpl.java:109)
	at org.modelmapper.internal.MappingEngineImpl.setDestinationValue(MappingEngineImpl.java:245)
	at org.modelmapper.internal.MappingEngineImpl.propertyMap(MappingEngineImpl.java:187)
	at org.modelmapper.internal.MappingEngineImpl.typeMap(MappingEngineImpl.java:151)
	at org.modelmapper.internal.MappingEngineImpl.map(MappingEngineImpl.java:105)
	at org.modelmapper.internal.MappingEngineImpl.map(MappingEngineImpl.java:71)
	at org.modelmapper.ModelMapper.mapInternal(ModelMapper.java:573)
	at org.modelmapper.ModelMapper.map(ModelMapper.java:406)
	at com.arttek.MotivationCalculator.controllers.MotivationCalculatorController.doCalc(MotivationCalculatorController.java:44)
	at java.base/jdk.internal.reflect.NativeMethodAccessorImpl.invoke0(Native Method)
	at java.base/jdk.internal.reflect.NativeMethodAccessorImpl.invoke(NativeMethodAccessorImpl.java:77)
	at java.base/jdk.internal.reflect.DelegatingMethodAccessorImpl.invoke(DelegatingMethodAccessorImpl.java:43)
	at java.base/java.lang.reflect.Method.invoke(Method.java:568)
	at org.springframework.web.method.support.InvocableHandlerMethod.doInvoke(InvocableHandlerMethod.java:205)
	at org.springframework.web.method.support.InvocableHandlerMethod.invokeForRequest(InvocableHandlerMethod.java:150)
	at org.springframework.web.servlet.mvc.method.annotation.ServletInvocableHandlerMethod.invokeAndHandle(ServletInvocableHandlerMethod.java:117)
	at org.springframework.web.servlet.mvc.method.annotation.RequestMappingHandlerAdapter.invokeHandlerMethod(RequestMappingHandlerAdapter.java:895)
	at org.springframework.web.servlet.mvc.method.annotation.RequestMappingHandlerAdapter.handleInternal(RequestMappingHandlerAdapter.java:808)
	at org.springframework.web.servlet.mvc.method.AbstractHandlerMethodAdapter.handle(AbstractHandlerMethodAdapter.java:87)
	at org.springframework.web.servlet.DispatcherServlet.doDispatch(DispatcherServlet.java:1071)
	at org.springframework.web.servlet.DispatcherServlet.doService(DispatcherServlet.java:964)
	at org.springframework.web.servlet.FrameworkServlet.processRequest(FrameworkServlet.java:1006)
	at org.springframework.web.servlet.FrameworkServlet.doPost(FrameworkServlet.java:909)
	at javax.servlet.http.HttpServlet.service(HttpServlet.java:696)
	at org.springframework.web.servlet.FrameworkServlet.service(FrameworkServlet.java:883)
	at javax.servlet.http.HttpServlet.service(HttpServlet.java:779)
	at org.apache.catalina.core.ApplicationFilterChain.internalDoFilter(ApplicationFilterChain.java:227)
	at org.apache.catalina.core.ApplicationFilterChain.doFilter(ApplicationFilterChain.java:162)
	at org.apache.tomcat.websocket.server.WsFilter.doFilter(WsFilter.java:53)
	at org.apache.catalina.core.ApplicationFilterChain.internalDoFilter(ApplicationFilterChain.java:189)
	at org.apache.catalina.core.ApplicationFilterChain.doFilter(ApplicationFilterChain.java:162)
	at org.springframework.web.filter.RequestContextFilter.doFilterInternal(RequestContextFilter.java:100)
	at org.springframework.web.filter.OncePerRequestFilter.doFilter(OncePerRequestFilter.java:117)
	at org.apache.catalina.core.ApplicationFilterChain.internalDoFilter(ApplicationFilterChain.java:189)
	at org.apache.catalina.core.ApplicationFilterChain.doFilter(ApplicationFilterChain.java:162)
	at org.springframework.web.filter.FormContentFilter.doFilterInternal(FormContentFilter.java:93)
	at org.springframework.web.filter.OncePerRequestFilter.doFilter(OncePerRequestFilter.java:117)
	at org.apache.catalina.core.ApplicationFilterChain.internalDoFilter(ApplicationFilterChain.java:189)
	at org.apache.catalina.core.ApplicationFilterChain.doFilter(ApplicationFilterChain.java:162)
	at org.springframework.web.filter.HiddenHttpMethodFilter.doFilterInternal(HiddenHttpMethodFilter.java:94)
	at org.springframework.web.filter.OncePerRequestFilter.doFilter(OncePerRequestFilter.java:117)
	at org.apache.catalina.core.ApplicationFilterChain.internalDoFilter(ApplicationFilterChain.java:189)
	at org.apache.catalina.core.ApplicationFilterChain.doFilter(ApplicationFilterChain.java:162)
	at org.springframework.web.filter.CharacterEncodingFilter.doFilterInternal(CharacterEncodingFilter.java:201)
	at org.springframework.web.filter.OncePerRequestFilter.doFilter(OncePerRequestFilter.java:117)
	at org.apache.catalina.core.ApplicationFilterChain.internalDoFilter(ApplicationFilterChain.java:189)
	at org.apache.catalina.core.ApplicationFilterChain.doFilter(ApplicationFilterChain.java:162)
	at org.apache.catalina.core.StandardWrapperValve.invoke(StandardWrapperValve.java:197)
	at org.apache.catalina.core.StandardContextValve.invoke(StandardContextValve.java:97)
	at org.apache.catalina.authenticator.AuthenticatorBase.invoke(AuthenticatorBase.java:541)
	at org.apache.catalina.core.StandardHostValve.invoke(StandardHostValve.java:135)
	at org.apache.catalina.valves.ErrorReportValve.invoke(ErrorReportValve.java:92)
	at org.apache.catalina.core.StandardEngineValve.invoke(StandardEngineValve.java:78)
	at org.apache.catalina.connector.CoyoteAdapter.service(CoyoteAdapter.java:360)
	at org.apache.coyote.http11.Http11Processor.service(Http11Processor.java:399)
	at org.apache.coyote.AbstractProcessorLight.process(AbstractProcessorLight.java:65)
	at org.apache.coyote.AbstractProtocol$ConnectionHandler.process(AbstractProtocol.java:893)
	at org.apache.tomcat.util.net.NioEndpoint$SocketProcessor.doRun(NioEndpoint.java:1789)
	at org.apache.tomcat.util.net.SocketProcessorBase.run(SocketProcessorBase.java:49)
	at org.apache.tomcat.util.threads.ThreadPoolExecutor.runWorker(ThreadPoolExecutor.java:1191)
	at org.apache.tomcat.util.threads.ThreadPoolExecutor$Worker.run(ThreadPoolExecutor.java:659)
	at org.apache.tomcat.util.threads.TaskThread$WrappingRunnable.run(TaskThread.java:61)
	at java.base/java.lang.Thread.run(Thread.java:833)
2022-11-28 12:25:49,349 WARN com.arttek.MotivationCalculator.controllers.MotivationCalculatorController [http-nio-8080-exec-6] org.springframework.validation.BeanPropertyBindingResult: 1 errors
Field error in object 'motivationCalculatorDto' on field 'revenue': rejected value [132145 12]; codes [Pattern.motivationCalculatorDto.revenue,Pattern.revenue,Pattern.java.lang.String,Pattern]; arguments [org.springframework.context.support.DefaultMessageSourceResolvable: codes [motivationCalculatorDto.revenue,revenue]; arguments []; default message [revenue],[Ljavax.validation.constraints.Pattern$Flag;@69365913,\d{1,12}([\.,]\d{1,4})?]; default message [Введите только числовое значение, до 12 знаков в целой части, до 4 после точки]
2022-11-28 12:28:41,563 INFO com.arttek.MotivationCalculator.MotivationCalculatorApplication [main] Starting MotivationCalculatorApplication using Java 17.0.5 on DESKTOP-AM94Q68 with PID 2100 (C:\JavaLearn\Test tasks for recruting\Arttek\MotivationCalculator\target\classes started by Dacen in C:\JavaLearn\Test tasks for recruting\Arttek\MotivationCalculator)
2022-11-28 12:28:41,566 INFO com.arttek.MotivationCalculator.MotivationCalculatorApplication [main] No active profile set, falling back to 1 default profile: "default"
2022-11-28 12:28:42,547 INFO org.springframework.boot.web.embedded.tomcat.TomcatWebServer [main] Tomcat initialized with port(s): 8080 (http)
2022-11-28 12:28:42,558 INFO org.apache.catalina.core.StandardService [main] Starting service [Tomcat]
2022-11-28 12:28:42,559 INFO org.apache.catalina.core.StandardEngine [main] Starting Servlet engine: [Apache Tomcat/9.0.68]
2022-11-28 12:28:42,655 INFO org.apache.catalina.core.ContainerBase.[Tomcat].[localhost].[/] [main] Initializing Spring embedded WebApplicationContext
2022-11-28 12:28:42,655 INFO org.springframework.boot.web.servlet.context.ServletWebServerApplicationContext [main] Root WebApplicationContext: initialization completed in 1048 ms
2022-11-28 12:28:43,074 INFO org.springframework.boot.web.embedded.tomcat.TomcatWebServer [main] Tomcat started on port(s): 8080 (http) with context path ''
2022-11-28 12:28:43,082 INFO com.arttek.MotivationCalculator.MotivationCalculatorApplication [main] Started MotivationCalculatorApplication in 1.912 seconds (JVM running for 2.255)
2022-11-28 12:28:43,898 INFO org.apache.catalina.core.ContainerBase.[Tomcat].[localhost].[/] [http-nio-8080-exec-2] Initializing Spring DispatcherServlet 'dispatcherServlet'
2022-11-28 12:28:43,899 INFO org.springframework.web.servlet.DispatcherServlet [http-nio-8080-exec-2] Initializing Servlet 'dispatcherServlet'
2022-11-28 12:28:43,900 INFO org.springframework.web.servlet.DispatcherServlet [http-nio-8080-exec-2] Completed initialization in 1 ms
2022-11-28 12:28:44,017 WARN com.arttek.MotivationCalculator.controllers.MotivationCalculatorController [http-nio-8080-exec-2] org.springframework.validation.BeanPropertyBindingResult: 1 errors
Field error in object 'motivationCalculatorDto' on field 'revenue': rejected value [132145 12]; codes [Pattern.motivationCalculatorDto.revenue,Pattern.revenue,Pattern.java.lang.String,Pattern]; arguments [org.springframework.context.support.DefaultMessageSourceResolvable: codes [motivationCalculatorDto.revenue,revenue]; arguments []; default message [revenue],[Ljavax.validation.constraints.Pattern$Flag;@38373bef,\d{1,12}([.,]\d{1,4})?]; default message [Введите только числовое значение, до 12 знаков в целой части, до 4 после точки]
2022-11-28 12:28:47,644 WARN com.arttek.MotivationCalculator.controllers.MotivationCalculatorController [http-nio-8080-exec-1] org.springframework.validation.BeanPropertyBindingResult: 1 errors
Field error in object 'motivationCalculatorDto' on field 'revenue': rejected value [132145 12]; codes [Pattern.motivationCalculatorDto.revenue,Pattern.revenue,Pattern.java.lang.String,Pattern]; arguments [org.springframework.context.support.DefaultMessageSourceResolvable: codes [motivationCalculatorDto.revenue,revenue]; arguments []; default message [revenue],[Ljavax.validation.constraints.Pattern$Flag;@38373bef,\d{1,12}([.,]\d{1,4})?]; default message [Введите только числовое значение, до 12 знаков в целой части, до 4 после точки]
2022-11-28 12:28:52,797 WARN com.arttek.MotivationCalculator.controllers.MotivationCalculatorController [http-nio-8080-exec-3] org.springframework.validation.BeanPropertyBindingResult: 1 errors
Field error in object 'motivationCalculatorDto' on field 'revenue': rejected value [132145/12]; codes [Pattern.motivationCalculatorDto.revenue,Pattern.revenue,Pattern.java.lang.String,Pattern]; arguments [org.springframework.context.support.DefaultMessageSourceResolvable: codes [motivationCalculatorDto.revenue,revenue]; arguments []; default message [revenue],[Ljavax.validation.constraints.Pattern$Flag;@38373bef,\d{1,12}([.,]\d{1,4})?]; default message [Введите только числовое значение, до 12 знаков в целой части, до 4 после точки]
2022-11-28 12:54:23,372 INFO com.arttek.MotivationCalculator.MotivationCalculatorApplication [main] Starting MotivationCalculatorApplication using Java 17.0.5 on DESKTOP-AM94Q68 with PID 4952 (C:\JavaLearn\Test tasks for recruting\Arttek\MotivationCalculator\target\classes started by Dacen in C:\JavaLearn\Test tasks for recruting\Arttek\MotivationCalculator)
2022-11-28 12:54:23,375 INFO com.arttek.MotivationCalculator.MotivationCalculatorApplication [main] No active profile set, falling back to 1 default profile: "default"
2022-11-28 12:54:24,329 INFO org.springframework.boot.web.embedded.tomcat.TomcatWebServer [main] Tomcat initialized with port(s): 8080 (http)
2022-11-28 12:54:24,340 INFO org.apache.catalina.core.StandardService [main] Starting service [Tomcat]
2022-11-28 12:54:24,340 INFO org.apache.catalina.core.StandardEngine [main] Starting Servlet engine: [Apache Tomcat/9.0.68]
2022-11-28 12:54:24,436 INFO org.apache.catalina.core.ContainerBase.[Tomcat].[localhost].[/] [main] Initializing Spring embedded WebApplicationContext
2022-11-28 12:54:24,436 INFO org.springframework.boot.web.servlet.context.ServletWebServerApplicationContext [main] Root WebApplicationContext: initialization completed in 1016 ms
2022-11-28 12:54:24,887 WARN org.springframework.boot.web.servlet.context.AnnotationConfigServletWebServerApplicationContext [main] Exception encountered during context initialization - cancelling refresh attempt: org.springframework.beans.factory.UnsatisfiedDependencyException: Error creating bean with name 'constantsController' defined in file [C:\JavaLearn\Test tasks for recruting\Arttek\MotivationCalculator\target\classes\com\arttek\MotivationCalculator\controllers\ConstantsController.class]: Unsatisfied dependency expressed through constructor parameter 1; nested exception is org.springframework.beans.factory.BeanCreationException: Error creating bean with name 'modelMapper' defined in class path resource [com/arttek/MotivationCalculator/config/MotivationCalculatorConfig.class]: Bean instantiation via factory method failed; nested exception is org.springframework.beans.BeanInstantiationException: Failed to instantiate [org.modelmapper.ModelMapper]: Factory method 'modelMapper' threw exception; nested exception is java.lang.NullPointerException: Cannot invoke "String.replaceAll(String, String)" because the return value of "com.arttek.MotivationCalculator.dto.MotivationCalculatorDto.getRevenue()" is null
2022-11-28 12:54:24,891 INFO org.apache.catalina.core.StandardService [main] Stopping service [Tomcat]
2022-11-28 12:54:24,900 INFO org.springframework.boot.autoconfigure.logging.ConditionEvaluationReportLoggingListener [main] 

Error starting ApplicationContext. To display the conditions report re-run your application with 'debug' enabled.
2022-11-28 12:54:24,919 ERROR org.springframework.boot.SpringApplication [main] Application run failed
org.springframework.beans.factory.UnsatisfiedDependencyException: Error creating bean with name 'constantsController' defined in file [C:\JavaLearn\Test tasks for recruting\Arttek\MotivationCalculator\target\classes\com\arttek\MotivationCalculator\controllers\ConstantsController.class]: Unsatisfied dependency expressed through constructor parameter 1; nested exception is org.springframework.beans.factory.BeanCreationException: Error creating bean with name 'modelMapper' defined in class path resource [com/arttek/MotivationCalculator/config/MotivationCalculatorConfig.class]: Bean instantiation via factory method failed; nested exception is org.springframework.beans.BeanInstantiationException: Failed to instantiate [org.modelmapper.ModelMapper]: Factory method 'modelMapper' threw exception; nested exception is java.lang.NullPointerException: Cannot invoke "String.replaceAll(String, String)" because the return value of "com.arttek.MotivationCalculator.dto.MotivationCalculatorDto.getRevenue()" is null
	at org.springframework.beans.factory.support.ConstructorResolver.createArgumentArray(ConstructorResolver.java:800)
	at org.springframework.beans.factory.support.ConstructorResolver.autowireConstructor(ConstructorResolver.java:229)
	at org.springframework.beans.factory.support.AbstractAutowireCapableBeanFactory.autowireConstructor(AbstractAutowireCapableBeanFactory.java:1372)
	at org.springframework.beans.factory.support.AbstractAutowireCapableBeanFactory.createBeanInstance(AbstractAutowireCapableBeanFactory.java:1222)
	at org.springframework.beans.factory.support.AbstractAutowireCapableBeanFactory.doCreateBean(AbstractAutowireCapableBeanFactory.java:582)
	at org.springframework.beans.factory.support.AbstractAutowireCapableBeanFactory.createBean(AbstractAutowireCapableBeanFactory.java:542)
	at org.springframework.beans.factory.support.AbstractBeanFactory.lambda$doGetBean$0(AbstractBeanFactory.java:335)
	at org.springframework.beans.factory.support.DefaultSingletonBeanRegistry.getSingleton(DefaultSingletonBeanRegistry.java:234)
	at org.springframework.beans.factory.support.AbstractBeanFactory.doGetBean(AbstractBeanFactory.java:333)
	at org.springframework.beans.factory.support.AbstractBeanFactory.getBean(AbstractBeanFactory.java:208)
	at org.springframework.beans.factory.support.DefaultListableBeanFactory.preInstantiateSingletons(DefaultListableBeanFactory.java:955)
	at org.springframework.context.support.AbstractApplicationContext.finishBeanFactoryInitialization(AbstractApplicationContext.java:918)
	at org.springframework.context.support.AbstractApplicationContext.refresh(AbstractApplicationContext.java:583)
	at org.springframework.boot.web.servlet.context.ServletWebServerApplicationContext.refresh(ServletWebServerApplicationContext.java:147)
	at org.springframework.boot.SpringApplication.refresh(SpringApplication.java:734)
	at org.springframework.boot.SpringApplication.refreshContext(SpringApplication.java:408)
	at org.springframework.boot.SpringApplication.run(SpringApplication.java:308)
	at org.springframework.boot.SpringApplication.run(SpringApplication.java:1306)
	at org.springframework.boot.SpringApplication.run(SpringApplication.java:1295)
	at com.arttek.MotivationCalculator.MotivationCalculatorApplication.main(MotivationCalculatorApplication.java:9)
Caused by: org.springframework.beans.factory.BeanCreationException: Error creating bean with name 'modelMapper' defined in class path resource [com/arttek/MotivationCalculator/config/MotivationCalculatorConfig.class]: Bean instantiation via factory method failed; nested exception is org.springframework.beans.BeanInstantiationException: Failed to instantiate [org.modelmapper.ModelMapper]: Factory method 'modelMapper' threw exception; nested exception is java.lang.NullPointerException: Cannot invoke "String.replaceAll(String, String)" because the return value of "com.arttek.MotivationCalculator.dto.MotivationCalculatorDto.getRevenue()" is null
	at org.springframework.beans.factory.support.ConstructorResolver.instantiate(ConstructorResolver.java:658)
	at org.springframework.beans.factory.support.ConstructorResolver.instantiateUsingFactoryMethod(ConstructorResolver.java:486)
	at org.springframework.beans.factory.support.AbstractAutowireCapableBeanFactory.instantiateUsingFactoryMethod(AbstractAutowireCapableBeanFactory.java:1352)
	at org.springframework.beans.factory.support.AbstractAutowireCapableBeanFactory.createBeanInstance(AbstractAutowireCapableBeanFactory.java:1195)
	at org.springframework.beans.factory.support.AbstractAutowireCapableBeanFactory.doCreateBean(AbstractAutowireCapableBeanFactory.java:582)
	at org.springframework.beans.factory.support.AbstractAutowireCapableBeanFactory.createBean(AbstractAutowireCapableBeanFactory.java:542)
	at org.springframework.beans.factory.support.AbstractBeanFactory.lambda$doGetBean$0(AbstractBeanFactory.java:335)
	at org.springframework.beans.factory.support.DefaultSingletonBeanRegistry.getSingleton(DefaultSingletonBeanRegistry.java:234)
	at org.springframework.beans.factory.support.AbstractBeanFactory.doGetBean(AbstractBeanFactory.java:333)
	at org.springframework.beans.factory.support.AbstractBeanFactory.getBean(AbstractBeanFactory.java:208)
	at org.springframework.beans.factory.config.DependencyDescriptor.resolveCandidate(DependencyDescriptor.java:276)
	at org.springframework.beans.factory.support.DefaultListableBeanFactory.doResolveDependency(DefaultListableBeanFactory.java:1391)
	at org.springframework.beans.factory.support.DefaultListableBeanFactory.resolveDependency(DefaultListableBeanFactory.java:1311)
	at org.springframework.beans.factory.support.ConstructorResolver.resolveAutowiredArgument(ConstructorResolver.java:887)
	at org.springframework.beans.factory.support.ConstructorResolver.createArgumentArray(ConstructorResolver.java:791)
	... 19 common frames omitted
Caused by: org.springframework.beans.BeanInstantiationException: Failed to instantiate [org.modelmapper.ModelMapper]: Factory method 'modelMapper' threw exception; nested exception is java.lang.NullPointerException: Cannot invoke "String.replaceAll(String, String)" because the return value of "com.arttek.MotivationCalculator.dto.MotivationCalculatorDto.getRevenue()" is null
	at org.springframework.beans.factory.support.SimpleInstantiationStrategy.instantiate(SimpleInstantiationStrategy.java:185)
	at org.springframework.beans.factory.support.ConstructorResolver.instantiate(ConstructorResolver.java:653)
	... 33 common frames omitted
Caused by: java.lang.NullPointerException: Cannot invoke "String.replaceAll(String, String)" because the return value of "com.arttek.MotivationCalculator.dto.MotivationCalculatorDto.getRevenue()" is null
	at com.arttek.MotivationCalculator.config.MotivationCalculatorConfig.lambda$modelMapper$0(MotivationCalculatorConfig.java:25)
	at org.modelmapper.internal.ReferenceMapExpressionImpl.visitSource(ReferenceMapExpressionImpl.java:89)
	at org.modelmapper.internal.ReferenceMapExpressionImpl.map(ReferenceMapExpressionImpl.java:63)
	at org.modelmapper.internal.ConfigurableConditionExpressionImpl.map(ConfigurableConditionExpressionImpl.java:67)
	at com.arttek.MotivationCalculator.config.MotivationCalculatorConfig.lambda$modelMapper$1(MotivationCalculatorConfig.java:25)
	at org.modelmapper.internal.TypeMapImpl.addMappings(TypeMapImpl.java:266)
	at com.arttek.MotivationCalculator.config.MotivationCalculatorConfig.modelMapper(MotivationCalculatorConfig.java:24)
	at com.arttek.MotivationCalculator.config.MotivationCalculatorConfig$$EnhancerBySpringCGLIB$$704cc268.CGLIB$modelMapper$0(<generated>)
	at com.arttek.MotivationCalculator.config.MotivationCalculatorConfig$$EnhancerBySpringCGLIB$$704cc268$$FastClassBySpringCGLIB$$379cacd8.invoke(<generated>)
	at org.springframework.cglib.proxy.MethodProxy.invokeSuper(MethodProxy.java:244)
	at org.springframework.context.annotation.ConfigurationClassEnhancer$BeanMethodInterceptor.intercept(ConfigurationClassEnhancer.java:331)
	at com.arttek.MotivationCalculator.config.MotivationCalculatorConfig$$EnhancerBySpringCGLIB$$704cc268.modelMapper(<generated>)
	at java.base/jdk.internal.reflect.NativeMethodAccessorImpl.invoke0(Native Method)
	at java.base/jdk.internal.reflect.NativeMethodAccessorImpl.invoke(NativeMethodAccessorImpl.java:77)
	at java.base/jdk.internal.reflect.DelegatingMethodAccessorImpl.invoke(DelegatingMethodAccessorImpl.java:43)
	at java.base/java.lang.reflect.Method.invoke(Method.java:568)
	at org.springframework.beans.factory.support.SimpleInstantiationStrategy.instantiate(SimpleInstantiationStrategy.java:154)
	... 34 common frames omitted
2022-11-28 13:05:14,579 INFO com.arttek.MotivationCalculator.MotivationCalculatorApplication [main] Starting MotivationCalculatorApplication using Java 17.0.5 on DESKTOP-AM94Q68 with PID 5624 (C:\JavaLearn\Test tasks for recruting\Arttek\MotivationCalculator\target\classes started by Dacen in C:\JavaLearn\Test tasks for recruting\Arttek\MotivationCalculator)
2022-11-28 13:05:14,583 INFO com.arttek.MotivationCalculator.MotivationCalculatorApplication [main] No active profile set, falling back to 1 default profile: "default"
2022-11-28 13:05:15,593 INFO org.springframework.boot.web.embedded.tomcat.TomcatWebServer [main] Tomcat initialized with port(s): 8080 (http)
2022-11-28 13:05:15,604 INFO org.apache.catalina.core.StandardService [main] Starting service [Tomcat]
2022-11-28 13:05:15,604 INFO org.apache.catalina.core.StandardEngine [main] Starting Servlet engine: [Apache Tomcat/9.0.68]
2022-11-28 13:05:15,700 INFO org.apache.catalina.core.ContainerBase.[Tomcat].[localhost].[/] [main] Initializing Spring embedded WebApplicationContext
2022-11-28 13:05:15,700 INFO org.springframework.boot.web.servlet.context.ServletWebServerApplicationContext [main] Root WebApplicationContext: initialization completed in 1074 ms
2022-11-28 13:05:16,109 INFO org.springframework.boot.web.embedded.tomcat.TomcatWebServer [main] Tomcat started on port(s): 8080 (http) with context path ''
2022-11-28 13:05:16,118 INFO com.arttek.MotivationCalculator.MotivationCalculatorApplication [main] Started MotivationCalculatorApplication in 1.932 seconds (JVM running for 2.271)
2022-11-28 13:05:22,534 INFO org.apache.catalina.core.ContainerBase.[Tomcat].[localhost].[/] [http-nio-8080-exec-1] Initializing Spring DispatcherServlet 'dispatcherServlet'
2022-11-28 13:05:22,535 INFO org.springframework.web.servlet.DispatcherServlet [http-nio-8080-exec-1] Initializing Servlet 'dispatcherServlet'
2022-11-28 13:05:22,535 INFO org.springframework.web.servlet.DispatcherServlet [http-nio-8080-exec-1] Completed initialization in 0 ms
2022-11-28 13:05:37,069 WARN com.arttek.MotivationCalculator.controllers.MotivationCalculatorController [http-nio-8080-exec-4] org.springframework.validation.BeanPropertyBindingResult: 1 errors
Field error in object 'motivationCalculatorDto' on field 'fuelDiscount': rejected value [12942.4,2]; codes [Pattern.motivationCalculatorDto.fuelDiscount,Pattern.fuelDiscount,Pattern.java.lang.String,Pattern]; arguments [org.springframework.context.support.DefaultMessageSourceResolvable: codes [motivationCalculatorDto.fuelDiscount,fuelDiscount]; arguments []; default message [fuelDiscount],[Ljavax.validation.constraints.Pattern$Flag;@66a324d7,\d{1,12}([.,]\d{1,4})?]; default message [Введите только числовое значение, до 12 знаков в целой части, до 4 после точки]
2022-11-28 13:31:39,978 INFO com.arttek.MotivationCalculator.MotivationCalculatorApplication [main] Starting MotivationCalculatorApplication using Java 17.0.5 on DESKTOP-AM94Q68 with PID 8332 (C:\JavaLearn\Test tasks for recruting\Arttek\MotivationCalculator\target\classes started by Dacen in C:\JavaLearn\Test tasks for recruting\Arttek\MotivationCalculator)
2022-11-28 13:31:39,980 INFO com.arttek.MotivationCalculator.MotivationCalculatorApplication [main] No active profile set, falling back to 1 default profile: "default"
2022-11-28 13:31:40,989 INFO org.springframework.boot.web.embedded.tomcat.TomcatWebServer [main] Tomcat initialized with port(s): 8080 (http)
2022-11-28 13:31:40,999 INFO org.apache.catalina.core.StandardService [main] Starting service [Tomcat]
2022-11-28 13:31:40,999 INFO org.apache.catalina.core.StandardEngine [main] Starting Servlet engine: [Apache Tomcat/9.0.68]
2022-11-28 13:31:41,094 INFO org.apache.catalina.core.ContainerBase.[Tomcat].[localhost].[/] [main] Initializing Spring embedded WebApplicationContext
2022-11-28 13:31:41,094 INFO org.springframework.boot.web.servlet.context.ServletWebServerApplicationContext [main] Root WebApplicationContext: initialization completed in 1067 ms
2022-11-28 13:31:41,773 INFO org.springframework.boot.web.embedded.tomcat.TomcatWebServer [main] Tomcat started on port(s): 8080 (http) with context path ''
2022-11-28 13:31:41,784 INFO com.arttek.MotivationCalculator.MotivationCalculatorApplication [main] Started MotivationCalculatorApplication in 2.222 seconds (JVM running for 2.58)
2022-11-28 13:31:43,337 INFO org.apache.catalina.core.ContainerBase.[Tomcat].[localhost].[/] [http-nio-8080-exec-1] Initializing Spring DispatcherServlet 'dispatcherServlet'
2022-11-28 13:31:43,337 INFO org.springframework.web.servlet.DispatcherServlet [http-nio-8080-exec-1] Initializing Servlet 'dispatcherServlet'
2022-11-28 13:31:43,338 INFO org.springframework.web.servlet.DispatcherServlet [http-nio-8080-exec-1] Completed initialization in 1 ms
2022-11-28 13:31:51,908 WARN com.arttek.MotivationCalculator.controllers.MotivationCalculatorController [http-nio-8080-exec-2] org.springframework.validation.BeanPropertyBindingResult: 1 errors
Field error in object 'motivationCalculatorDto' on field 'revenue': rejected value [132145Б12]; codes [Pattern.motivationCalculatorDto.revenue,Pattern.revenue,Pattern.java.lang.String,Pattern]; arguments [org.springframework.context.support.DefaultMessageSourceResolvable: codes [motivationCalculatorDto.revenue,revenue]; arguments []; default message [revenue],[Ljavax.validation.constraints.Pattern$Flag;@2a1c28ce,\d{1,12}([.,]\d{1,4})?]; default message [Введите только числовое значение, до 12 знаков в целой части, до 4 после точки]
